La génération a démarré 11/28/2015 4:28:58 PM.
     1>Projet "D:\Git\GitHubProject\Raven\Mini_Projet_Raven\Raven.vcxproj" sur le nœud 2 (Build cible(s)).
     1>ClCompile:
         D:\Microsoft Visual Studio\VC\bin\CL.exe /c /I..\Common /I"..\Common\lua-5.1.3\include" /Zi /nologo /W3 /WX- /Od /Oy- /D WIN32 /D _DEBUG /D _WINDOWS /D _VC80_UPGRADE=0x0600 /D _MBCS /Gm /EHsc /RTC1 /MTd /GS /fp:precise /Zc:wchar_t /Zc:forScope /GR /FAs /Fa".\Debug/" /Fo".\Debug/" /Fd".\Debug/vc110.pdb" /FR".\Debug\\" /Gd /TP /analyze- /errorReport:prompt /Zm200  Raven_Bot.cpp Raven_Game.cpp Raven_SensoryMemory.cpp Raven_SteeringBehaviors.cpp Raven_WeaponSystem.cpp armory\Projectile_Bolt.cpp armory\Projectile_Pellet.cpp armory\Projectile_Rocket.cpp armory\Projectile_Slug.cpp armory\Raven_Projectile.cpp armory\Weapon_Blaster.cpp armory\Weapon_RailGun.cpp armory\Weapon_RocketLauncher.cpp armory\Weapon_ShotGun.cpp goals\GetWeaponGoal_Evaluator.cpp goals\Goal_DodgeSideToSide.cpp goals\Goal_Explore.cpp goals\Goal_FollowPath.cpp goals\Goal_MoveToPosition.cpp goals\Goal_NegotiateDoor.cpp main.cpp navigation\Raven_PathPlanner.cpp triggers\Trigger_SoundNotify.cpp
         Raven_Bot.cpp
         Génération de code en cours...
         Compilation en cours...
         Trigger_SoundNotify.cpp
         Raven_PathPlanner.cpp
         main.cpp
         Goal_NegotiateDoor.cpp
         Goal_MoveToPosition.cpp
         Goal_FollowPath.cpp
         Goal_Explore.cpp
         Goal_DodgeSideToSide.cpp
         GetWeaponGoal_Evaluator.cpp
         Weapon_ShotGun.cpp
         Weapon_RocketLauncher.cpp
         Weapon_RailGun.cpp
         Weapon_Blaster.cpp
         Raven_Projectile.cpp
         Projectile_Slug.cpp
         Projectile_Rocket.cpp
         Projectile_Pellet.cpp
         Projectile_Bolt.cpp
         Raven_WeaponSystem.cpp
